<?xml version="1.0" encoding="UTF-8"?>
<!-- Generated by org.testng.reporters.JUnitXMLReporter -->
<testsuite ignored="0" hostname="LAPTOP-HBLM0Q79" failures="0" tests="2" name="AcertaDemo_Chrome" time="15.763" errors="0" timestamp="2022-10-28T11:25:05 CEST">
  <testcase classname="Codebase.Modules.AcertaDemo.TestScript.TC_Verify_User_Is_Able_To_Login_System" name="test" time="13.14"/>
  <testcase classname="Codebase.Modules.AcertaDemo.TestScript.TC_Verify_User_Is_Able_To_Register_System" name="test" time="15.567"/>
</testsuite> <!-- AcertaDemo_Chrome -->
